{
  "RSpec": {
    "coverage": {
      "/Users/ShaunMcGeever/Desktop/SoundCrowd/SoundCrowd/app/controllers/playlists_controller.rb": [
        1,
        null,
        1,
        3,
        null,
        null,
        1,
        4,
        4,
        2,
        null,
        2,
        null,
        null,
        null,
        1,
        5,
        null,
        null,
        1,
        3,
        null,
        null,
        1,
        2,
        null,
        null,
        1,
        1,
        1,
        0,
        null,
        0,
        null,
        null,
        null,
        1,
        null,
        1,
        4,
        null,
        null,
        null
      ],
      "/Users/ShaunMcGeever/Desktop/SoundCrowd/SoundCrowd/app/controllers/application_controller.rb": [
        1,
        null,
        null,
        1,
        null
      ],
      "/Users/ShaunMcGeever/Desktop/SoundCrowd/SoundCrowd/spec/controllers/songs_controller_spec.rb": [

      ],
      "/Users/ShaunMcGeever/Desktop/SoundCrowd/SoundCrowd/spec/controllers/user_controller_spec.rb": [
        1,
        null,
        1,
        null,
        1,
        1,
        1,
        1,
        null,
        null,
        null,
        1,
        2,
        1,
        1,
        1,
        null,
        null,
        null,
        1,
        1,
        1,
        1,
        null,
        null,
        null,
        1,
        2,
        3,
        1,
        1,
        1,
        1,
        2,
        null,
        null,
        1,
        1,
        1,
        1,
        2,
        null,
        null,
        null,
        null,
        null
      ],
      "/Users/ShaunMcGeever/Desktop/SoundCrowd/SoundCrowd/app/controllers/users_controller.rb": [
        1,
        null,
        1,
        1,
        null,
        null,
        1,
        4,
        null,
        null,
        1,
        2,
        2,
        0,
        0,
        null,
        2,
        null,
        null,
        null,
        1,
        4,
        null,
        null,
        null,
        1,
        null,
        1,
        2,
        null,
        null,
        null,
        null,
        null
      ],
      "/Users/ShaunMcGeever/Desktop/SoundCrowd/SoundCrowd/spec/features/playlists_spec.rb": [
        1,
        null,
        1,
        7,
        7,
        null,
        1,
        1,
        1,
        1,
        1,
        1,
        1,
        null,
        null,
        null,
        null,
        1,
        1,
        1,
        1,
        1,
        1,
        1,
        1,
        null,
        null,
        null,
        null,
        1,
        1,
        1,
        1,
        2,
        null,
        null,
        null,
        null,
        1,
        1,
        1,
        1,
        1,
        1,
        1,
        null,
        null,
        null,
        1,
        1,
        1,
        1,
        1,
        1,
        null,
        null,
        1,
        1,
        1,
        1,
        0,
        0,
        null,
        null,
        null,
        null,
        null,
        null
      ],
      "/Users/ShaunMcGeever/Desktop/SoundCrowd/SoundCrowd/spec/features/songs_spec.rb": [

      ],
      "/Users/ShaunMcGeever/Desktop/SoundCrowd/SoundCrowd/spec/features/user_features_spec.rb": [
        1,
        null,
        1,
        1,
        1,
        1,
        1,
        null,
        1,
        1,
        1,
        1,
        null,
        null,
        null,
        null,
        1,
        1,
        1,
        1,
        1,
        1,
        null,
        null,
        1,
        1,
        1,
        1,
        null,
        null,
        null,
        null,
        null,
        1,
        3,
        1,
        1,
        1,
        null,
        null,
        1,
        1,
        1,
        null,
        null,
        null,
        1,
        2,
        1,
        1,
        1,
        1,
        1,
        1,
        1,
        1,
        null,
        1,
        null,
        null,
        null
      ],
      "/Users/ShaunMcGeever/Desktop/SoundCrowd/SoundCrowd/spec/models/playlist_spec.rb": [
        1,
        null,
        1,
        null,
        null,
        2,
        null
      ],
      "/Users/ShaunMcGeever/Desktop/SoundCrowd/SoundCrowd/app/models/playlist.rb": [
        1,
        null,
        1,
        null,
        null
      ],
      "/Users/ShaunMcGeever/Desktop/SoundCrowd/SoundCrowd/spec/models/song_spec.rb": [
        1,
        null,
        1,
        null,
        null
      ],
      "/Users/ShaunMcGeever/Desktop/SoundCrowd/SoundCrowd/app/models/song.rb": [
        1,
        null,
        null
      ],
      "/Users/ShaunMcGeever/Desktop/SoundCrowd/SoundCrowd/spec/models/user_spec.rb": [
        1,
        null,
        1,
        1,
        2,
        2,
        null,
        null
      ],
      "/Users/ShaunMcGeever/Desktop/SoundCrowd/SoundCrowd/app/models/user.rb": [
        1,
        1,
        1,
        null,
        null,
        null,
        1,
        1,
        1,
        null,
        0,
        null,
        null,
        null,
        null,
        null,
        null
      ],
      "/Users/ShaunMcGeever/Desktop/SoundCrowd/SoundCrowd/app/controllers/sessions_controller.rb": [
        1,
        null,
        null,
        1,
        1,
        1,
        1,
        1,
        null,
        0,
        null,
        null,
        0,
        null,
        null,
        null,
        1,
        0,
        0,
        null,
        null,
        null,
        null,
        null
      ]
    },
    "timestamp": 1400250529
  }
}
